<?xml version="1.0" encoding="UTF-8"?>
<!-- Generated by org.testng.reporters.JUnitReportReporter -->
<testsuite skipped="0" hostname="MAVBCP3103" name="com.org.tests.DynamicWebTable" tests="1" failures="0" timestamp="2021-12-23T22:03:53 IST" time="14.708" errors="0">
  <testcase name="DWT" time="14.708" classname="com.org.tests.DynamicWebTable"/>
  <system-out/>
</testsuite> <!-- com.org.tests.DynamicWebTable -->
