<?xml version="1.0" encoding="UTF-8"?>
<!-- Generated by org.testng.reporters.JUnitReportReporter -->
<testsuite skipped="0" hostname="MAVBCP3103" name="com.org.tests.DADropCalss" tests="1" failures="0" timestamp="2021-12-23T07:10:35 IST" time="20.491" errors="0">
  <testcase name="f" time="20.491" classname="com.org.tests.DADropCalss"/>
  <system-out/>
</testsuite> <!-- com.org.tests.DADropCalss -->
