<?xml version="1.0" encoding="UTF-8"?>
<!-- Generated by org.testng.reporters.JUnitReportReporter -->
<testsuite skipped="0" hostname="MAVBCP3103" name="com.org.tests.RobotClass" tests="1" failures="0" timestamp="2021-12-23T07:16:05 IST" time="32.374" errors="0">
  <testcase name="RC" time="32.374" classname="com.org.tests.RobotClass"/>
  <system-out/>
</testsuite> <!-- com.org.tests.RobotClass -->
