<?xml version="1.0" encoding="UTF-8"?>
<!-- Generated by org.testng.reporters.JUnitReportReporter -->
<testsuite skipped="0" hostname="MAVBCP3103" name="com.org.tests.JavaSE" tests="1" failures="0" timestamp="2021-12-23T07:11:44 IST" time="19.709" errors="0">
  <testcase name="DAD" time="19.709" classname="com.org.tests.JavaSE"/>
  <system-out/>
</testsuite> <!-- com.org.tests.JavaSE -->
