<?xml version="1.0" encoding="UTF-8"?>
<!-- Generated by org.testng.reporters.JUnitReportReporter -->
<testsuite skipped="0" hostname="MAVBCP3103" name="com.org.tests.NewTest" tests="1" failures="0" timestamp="2021-12-23T07:14:19 IST" time="34.113" errors="0">
  <testcase name="f" time="34.113" classname="com.org.tests.NewTest"/>
  <system-out/>
</testsuite> <!-- com.org.tests.NewTest -->
