<?xml version="1.0" encoding="UTF-8"?>
<!-- Generated by org.testng.reporters.JUnitReportReporter -->
<testsuite skipped="0" hostname="MAVBCP3103" name="com.org.tests.MouseActions" tests="1" failures="0" timestamp="2021-12-23T07:12:56 IST" time="20.951" errors="0">
  <testcase name="MAC" time="20.951" classname="com.org.tests.MouseActions"/>
  <system-out/>
</testsuite> <!-- com.org.tests.MouseActions -->
